The system is: Linux - 4.4.0-142-generic - x86_64
Compiling the C compiler identification source file "CMakeCCompilerId.c" succeeded.
Compiler: /usr/bin/cc 
Build flags: 
Id flags: 

The output was:
0


Compilation of the C compiler identification source "CMakeCCompilerId.c" produced "a.out"

The C compiler identification is GNU, found in "/home/alex-kozinov/programming/work/projects/CVision/build-linux-sdk/CMakeFiles/3.5.1/CompilerIdC/a.out"

Compiling the CXX compiler identification source file "CMakeCXXCompilerId.cpp" succeeded.
Compiler: /usr/bin/c++ 
Build flags: -std=gnu++11;-D_GLIBCXX_USE_CXX11_ABI=0
Id flags: 

The output was:
0


Compilation of the CXX compiler identification source "CMakeCXXCompilerId.cpp" produced "a.out"

The CXX compiler identification is GNU, found in "/home/alex-kozinov/programming/work/projects/CVision/build-linux-sdk/CMakeFiles/3.5.1/CompilerIdCXX/a.out"

Determining if the C compiler works passed with the following output:
Change Dir: /home/alex-kozinov/programming/work/projects/CVision/build-linux-sdk/CMakeFiles/CMakeTmp

Run Build Command:"/usr/bin/make" "cmTC_06ad3/fast"
make[1]: вход в каталог «/home/alex-kozinov/programming/work/projects/CVision/build-linux-sdk/CMakeFiles/CMakeTmp»
/usr/bin/make -f CMakeFiles/cmTC_06ad3.dir/build.make CMakeFiles/cmTC_06ad3.dir/build
make[2]: вход в каталог «/home/alex-kozinov/programming/work/projects/CVision/build-linux-sdk/CMakeFiles/CMakeTmp»
Building C object CMakeFiles/cmTC_06ad3.dir/testCCompiler.c.o
/usr/bin/cc     -o CMakeFiles/cmTC_06ad3.dir/testCCompiler.c.o   -c /home/alex-kozinov/programming/work/projects/CVision/build-linux-sdk/CMakeFiles/CMakeTmp/testCCompiler.c
Linking C executable cmTC_06ad3
/usr/bin/cmake -E cmake_link_script CMakeFiles/cmTC_06ad3.dir/link.txt --verbose=1
/usr/bin/cc       CMakeFiles/cmTC_06ad3.dir/testCCompiler.c.o  -o cmTC_06ad3 -rdynamic 
make[2]: выход из каталога «/home/alex-kozinov/programming/work/projects/CVision/build-linux-sdk/CMakeFiles/CMakeTmp»
make[1]: выход из каталога «/home/alex-kozinov/programming/work/projects/CVision/build-linux-sdk/CMakeFiles/CMakeTmp»


Detecting C compiler ABI info compiled with the following output:
Change Dir: /home/alex-kozinov/programming/work/projects/CVision/build-linux-sdk/CMakeFiles/CMakeTmp

Run Build Command:"/usr/bin/make" "cmTC_6efb6/fast"
make[1]: вход в каталог «/home/alex-kozinov/programming/work/projects/CVision/build-linux-sdk/CMakeFiles/CMakeTmp»
/usr/bin/make -f CMakeFiles/cmTC_6efb6.dir/build.make CMakeFiles/cmTC_6efb6.dir/build
make[2]: вход в каталог «/home/alex-kozinov/programming/work/projects/CVision/build-linux-sdk/CMakeFiles/CMakeTmp»
Building C object CMakeFiles/cmTC_6efb6.dir/CMakeCCompilerABI.c.o
/usr/bin/cc     -o CMakeFiles/cmTC_6efb6.dir/CMakeCCompilerABI.c.o   -c /usr/share/cmake-3.5/Modules/CMakeCCompilerABI.c
Linking C executable cmTC_6efb6
/usr/bin/cmake -E cmake_link_script CMakeFiles/cmTC_6efb6.dir/link.txt --verbose=1
/usr/bin/cc      -v CMakeFiles/cmTC_6efb6.dir/CMakeCCompilerABI.c.o  -o cmTC_6efb6 -rdynamic  
Using built-in specs.
COLLECT_GCC=/usr/bin/cc
COLLECT_LTO_WRAPPER=/usr/lib/gcc/x86_64-linux-gnu/5/lto-wrapper
Target: x86_64-linux-gnu
Configured with: ../src/configure -v --with-pkgversion='Ubuntu 5.4.0-6ubuntu1~16.04.11' --with-bugurl=file:///usr/share/doc/gcc-5/README.Bugs --enable-languages=c,ada,c++,java,go,d,fortran,objc,obj-c++ --prefix=/usr --program-suffix=-5 --enable-shared --enable-linker-build-id --libexecdir=/usr/lib --without-included-gettext --enable-threads=posix --libdir=/usr/lib --enable-nls --with-sysroot=/ --enable-clocale=gnu --enable-libstdcxx-debug --enable-libstdcxx-time=yes --with-default-libstdcxx-abi=new --enable-gnu-unique-object --disable-vtable-verify --enable-libmpx --enable-plugin --with-system-zlib --disable-browser-plugin --enable-java-awt=gtk --enable-gtk-cairo --with-java-home=/usr/lib/jvm/java-1.5.0-gcj-5-amd64/jre --enable-java-home --with-jvm-root-dir=/usr/lib/jvm/java-1.5.0-gcj-5-amd64 --with-jvm-jar-dir=/usr/lib/jvm-exports/java-1.5.0-gcj-5-amd64 --with-arch-directory=amd64 --with-ecj-jar=/usr/share/java/eclipse-ecj.jar --enable-objc-gc --enable-multiarch --disable-werror --with-arch-32=i686 --with-abi=m64 --with-multilib-list=m32,m64,mx32 --enable-multilib --with-tune=generic --enable-checking=release --build=x86_64-linux-gnu --host=x86_64-linux-gnu --target=x86_64-linux-gnu
Thread model: posix
gcc version 5.4.0 20160609 (Ubuntu 5.4.0-6ubuntu1~16.04.11) 
COMPILER_PATH=/usr/lib/gcc/x86_64-linux-gnu/5/:/usr/lib/gcc/x86_64-linux-gnu/5/:/usr/lib/gcc/x86_64-linux-gnu/:/usr/lib/gcc/x86_64-linux-gnu/5/:/usr/lib/gcc/x86_64-linux-gnu/
LIBRARY_PATH=/usr/lib/gcc/x86_64-linux-gnu/5/:/usr/lib/gcc/x86_64-linux-gnu/5/../../../x86_64-linux-gnu/:/usr/lib/gcc/x86_64-linux-gnu/5/../../../../lib/:/lib/x86_64-linux-gnu/:/lib/../lib/:/usr/lib/x86_64-linux-gnu/:/usr/lib/../lib/:/usr/lib/gcc/x86_64-linux-gnu/5/../../../:/lib/:/usr/lib/
COLLECT_GCC_OPTIONS='-v' '-o' 'cmTC_6efb6' '-rdynamic' '-mtune=generic' '-march=x86-64'
 /usr/lib/gcc/x86_64-linux-gnu/5/collect2 -plugin /usr/lib/gcc/x86_64-linux-gnu/5/liblto_plugin.so -plugin-opt=/usr/lib/gcc/x86_64-linux-gnu/5/lto-wrapper -plugin-opt=-fresolution=/tmp/ccqy3pKe.res -plugin-opt=-pass-through=-lgcc -plugin-opt=-pass-through=-lgcc_s -plugin-opt=-pass-through=-lc -plugin-opt=-pass-through=-lgcc -plugin-opt=-pass-through=-lgcc_s --sysroot=/ --build-id --eh-frame-hdr -m elf_x86_64 --hash-style=gnu --as-needed -export-dynamic -dynamic-linker /lib64/ld-linux-x86-64.so.2 -z relro -o cmTC_6efb6 /usr/lib/gcc/x86_64-linux-gnu/5/../../../x86_64-linux-gnu/crt1.o /usr/lib/gcc/x86_64-linux-gnu/5/../../../x86_64-linux-gnu/crti.o /usr/lib/gcc/x86_64-linux-gnu/5/crtbegin.o -L/usr/lib/gcc/x86_64-linux-gnu/5 -L/usr/lib/gcc/x86_64-linux-gnu/5/../../../x86_64-linux-gnu -L/usr/lib/gcc/x86_64-linux-gnu/5/../../../../lib -L/lib/x86_64-linux-gnu -L/lib/../lib -L/usr/lib/x86_64-linux-gnu -L/usr/lib/../lib -L/usr/lib/gcc/x86_64-linux-gnu/5/../../.. CMakeFiles/cmTC_6efb6.dir/CMakeCCompilerABI.c.o -lgcc --as-needed -lgcc_s --no-as-needed -lc -lgcc --as-needed -lgcc_s --no-as-needed /usr/lib/gcc/x86_64-linux-gnu/5/crtend.o /usr/lib/gcc/x86_64-linux-gnu/5/../../../x86_64-linux-gnu/crtn.o
make[2]: выход из каталога «/home/alex-kozinov/programming/work/projects/CVision/build-linux-sdk/CMakeFiles/CMakeTmp»
make[1]: выход из каталога «/home/alex-kozinov/programming/work/projects/CVision/build-linux-sdk/CMakeFiles/CMakeTmp»


Parsed C implicit link information from above output:
  link line regex: [^( *|.*[/\])(ld|([^/\]+-)?ld|collect2)[^/\]*( |$)]
  ignore line: [Change Dir: /home/alex-kozinov/programming/work/projects/CVision/build-linux-sdk/CMakeFiles/CMakeTmp]
  ignore line: []
  ignore line: [Run Build Command:"/usr/bin/make" "cmTC_6efb6/fast"]
  ignore line: [make[1]: вход в каталог «/home/alex-kozinov/programming/work/projects/CVision/build-linux-sdk/CMakeFiles/CMakeTmp»]
  ignore line: [/usr/bin/make -f CMakeFiles/cmTC_6efb6.dir/build.make CMakeFiles/cmTC_6efb6.dir/build]
  ignore line: [make[2]: вход в каталог «/home/alex-kozinov/programming/work/projects/CVision/build-linux-sdk/CMakeFiles/CMakeTmp»]
  ignore line: [Building C object CMakeFiles/cmTC_6efb6.dir/CMakeCCompilerABI.c.o]
  ignore line: [/usr/bin/cc     -o CMakeFiles/cmTC_6efb6.dir/CMakeCCompilerABI.c.o   -c /usr/share/cmake-3.5/Modules/CMakeCCompilerABI.c]
  ignore line: [Linking C executable cmTC_6efb6]
  ignore line: [/usr/bin/cmake -E cmake_link_script CMakeFiles/cmTC_6efb6.dir/link.txt --verbose=1]
  ignore line: [/usr/bin/cc      -v CMakeFiles/cmTC_6efb6.dir/CMakeCCompilerABI.c.o  -o cmTC_6efb6 -rdynamic  ]
  ignore line: [Using built-in specs.]
  ignore line: [COLLECT_GCC=/usr/bin/cc]
  ignore line: [COLLECT_LTO_WRAPPER=/usr/lib/gcc/x86_64-linux-gnu/5/lto-wrapper]
  ignore line: [Target: x86_64-linux-gnu]
  ignore line: [Configured with: ../src/configure -v --with-pkgversion='Ubuntu 5.4.0-6ubuntu1~16.04.11' --with-bugurl=file:///usr/share/doc/gcc-5/README.Bugs --enable-languages=c,ada,c++,java,go,d,fortran,objc,obj-c++ --prefix=/usr --program-suffix=-5 --enable-shared --enable-linker-build-id --libexecdir=/usr/lib --without-included-gettext --enable-threads=posix --libdir=/usr/lib --enable-nls --with-sysroot=/ --enable-clocale=gnu --enable-libstdcxx-debug --enable-libstdcxx-time=yes --with-default-libstdcxx-abi=new --enable-gnu-unique-object --disable-vtable-verify --enable-libmpx --enable-plugin --with-system-zlib --disable-browser-plugin --enable-java-awt=gtk --enable-gtk-cairo --with-java-home=/usr/lib/jvm/java-1.5.0-gcj-5-amd64/jre --enable-java-home --with-jvm-root-dir=/usr/lib/jvm/java-1.5.0-gcj-5-amd64 --with-jvm-jar-dir=/usr/lib/jvm-exports/java-1.5.0-gcj-5-amd64 --with-arch-directory=amd64 --with-ecj-jar=/usr/share/java/eclipse-ecj.jar --enable-objc-gc --enable-multiarch --disable-werror --with-arch-32=i686 --with-abi=m64 --with-multilib-list=m32,m64,mx32 --enable-multilib --with-tune=generic --enable-checking=release --build=x86_64-linux-gnu --host=x86_64-linux-gnu --target=x86_64-linux-gnu]
  ignore line: [Thread model: posix]
  ignore line: [gcc version 5.4.0 20160609 (Ubuntu 5.4.0-6ubuntu1~16.04.11) ]
  ignore line: [COMPILER_PATH=/usr/lib/gcc/x86_64-linux-gnu/5/:/usr/lib/gcc/x86_64-linux-gnu/5/:/usr/lib/gcc/x86_64-linux-gnu/:/usr/lib/gcc/x86_64-linux-gnu/5/:/usr/lib/gcc/x86_64-linux-gnu/]
  ignore line: [LIBRARY_PATH=/usr/lib/gcc/x86_64-linux-gnu/5/:/usr/lib/gcc/x86_64-linux-gnu/5/../../../x86_64-linux-gnu/:/usr/lib/gcc/x86_64-linux-gnu/5/../../../../lib/:/lib/x86_64-linux-gnu/:/lib/../lib/:/usr/lib/x86_64-linux-gnu/:/usr/lib/../lib/:/usr/lib/gcc/x86_64-linux-gnu/5/../../../:/lib/:/usr/lib/]
  ignore line: [COLLECT_GCC_OPTIONS='-v' '-o' 'cmTC_6efb6' '-rdynamic' '-mtune=generic' '-march=x86-64']
  link line: [ /usr/lib/gcc/x86_64-linux-gnu/5/collect2 -plugin /usr/lib/gcc/x86_64-linux-gnu/5/liblto_plugin.so -plugin-opt=/usr/lib/gcc/x86_64-linux-gnu/5/lto-wrapper -plugin-opt=-fresolution=/tmp/ccqy3pKe.res -plugin-opt=-pass-through=-lgcc -plugin-opt=-pass-through=-lgcc_s -plugin-opt=-pass-through=-lc -plugin-opt=-pass-through=-lgcc -plugin-opt=-pass-through=-lgcc_s --sysroot=/ --build-id --eh-frame-hdr -m elf_x86_64 --hash-style=gnu --as-needed -export-dynamic -dynamic-linker /lib64/ld-linux-x86-64.so.2 -z relro -o cmTC_6efb6 /usr/lib/gcc/x86_64-linux-gnu/5/../../../x86_64-linux-gnu/crt1.o /usr/lib/gcc/x86_64-linux-gnu/5/../../../x86_64-linux-gnu/crti.o /usr/lib/gcc/x86_64-linux-gnu/5/crtbegin.o -L/usr/lib/gcc/x86_64-linux-gnu/5 -L/usr/lib/gcc/x86_64-linux-gnu/5/../../../x86_64-linux-gnu -L/usr/lib/gcc/x86_64-linux-gnu/5/../../../../lib -L/lib/x86_64-linux-gnu -L/lib/../lib -L/usr/lib/x86_64-linux-gnu -L/usr/lib/../lib -L/usr/lib/gcc/x86_64-linux-gnu/5/../../.. CMakeFiles/cmTC_6efb6.dir/CMakeCCompilerABI.c.o -lgcc --as-needed -lgcc_s --no-as-needed -lc -lgcc --as-needed -lgcc_s --no-as-needed /usr/lib/gcc/x86_64-linux-gnu/5/crtend.o /usr/lib/gcc/x86_64-linux-gnu/5/../../../x86_64-linux-gnu/crtn.o]
    arg [/usr/lib/gcc/x86_64-linux-gnu/5/collect2] ==> ignore
    arg [-plugin] ==> ignore
    arg [/usr/lib/gcc/x86_64-linux-gnu/5/liblto_plugin.so] ==> ignore
    arg [-plugin-opt=/usr/lib/gcc/x86_64-linux-gnu/5/lto-wrapper] ==> ignore
    arg [-plugin-opt=-fresolution=/tmp/ccqy3pKe.res] ==> ignore
    arg [-plugin-opt=-pass-through=-lgcc] ==> ignore
    arg [-plugin-opt=-pass-through=-lgcc_s] ==> ignore
    arg [-plugin-opt=-pass-through=-lc] ==> ignore
    arg [-plugin-opt=-pass-through=-lgcc] ==> ignore
    arg [-plugin-opt=-pass-through=-lgcc_s] ==> ignore
    arg [--sysroot=/] ==> ignore
    arg [--build-id] ==> ignore
    arg [--eh-frame-hdr] ==> ignore
    arg [-m] ==> ignore
    arg [elf_x86_64] ==> ignore
    arg [--hash-style=gnu] ==> ignore
    arg [--as-needed] ==> ignore
    arg [-export-dynamic] ==> ignore
    arg [-dynamic-linker] ==> ignore
    arg [/lib64/ld-linux-x86-64.so.2] ==> ignore
    arg [-zrelro] ==> ignore
    arg [-o] ==> ignore
    arg [cmTC_6efb6] ==> ignore
    arg [/usr/lib/gcc/x86_64-linux-gnu/5/../../../x86_64-linux-gnu/crt1.o] ==> ignore
    arg [/usr/lib/gcc/x86_64-linux-gnu/5/../../../x86_64-linux-gnu/crti.o] ==> ignore
    arg [/usr/lib/gcc/x86_64-linux-gnu/5/crtbegin.o] ==> ignore
    arg [-L/usr/lib/gcc/x86_64-linux-gnu/5] ==> dir [/usr/lib/gcc/x86_64-linux-gnu/5]
    arg [-L/usr/lib/gcc/x86_64-linux-gnu/5/../../../x86_64-linux-gnu] ==> dir [/usr/lib/gcc/x86_64-linux-gnu/5/../../../x86_64-linux-gnu]
    arg [-L/usr/lib/gcc/x86_64-linux-gnu/5/../../../../lib] ==> dir [/usr/lib/gcc/x86_64-linux-gnu/5/../../../../lib]
    arg [-L/lib/x86_64-linux-gnu] ==> dir [/lib/x86_64-linux-gnu]
    arg [-L/lib/../lib] ==> dir [/lib/../lib]
    arg [-L/usr/lib/x86_64-linux-gnu] ==> dir [/usr/lib/x86_64-linux-gnu]
    arg [-L/usr/lib/../lib] ==> dir [/usr/lib/../lib]
    arg [-L/usr/lib/gcc/x86_64-linux-gnu/5/../../..] ==> dir [/usr/lib/gcc/x86_64-linux-gnu/5/../../..]
    arg [CMakeFiles/cmTC_6efb6.dir/CMakeCCompilerABI.c.o] ==> ignore
    arg [-lgcc] ==> lib [gcc]
    arg [--as-needed] ==> ignore
    arg [-lgcc_s] ==> lib [gcc_s]
    arg [--no-as-needed] ==> ignore
    arg [-lc] ==> lib [c]
    arg [-lgcc] ==> lib [gcc]
    arg [--as-needed] ==> ignore
    arg [-lgcc_s] ==> lib [gcc_s]
    arg [--no-as-needed] ==> ignore
    arg [/usr/lib/gcc/x86_64-linux-gnu/5/crtend.o] ==> ignore
    arg [/usr/lib/gcc/x86_64-linux-gnu/5/../../../x86_64-linux-gnu/crtn.o] ==> ignore
  remove lib [gcc]
  remove lib [gcc_s]
  remove lib [gcc]
  remove lib [gcc_s]
  collapse library dir [/usr/lib/gcc/x86_64-linux-gnu/5] ==> [/usr/lib/gcc/x86_64-linux-gnu/5]
  collapse library dir [/usr/lib/gcc/x86_64-linux-gnu/5/../../../x86_64-linux-gnu] ==> [/usr/lib/x86_64-linux-gnu]
  collapse library dir [/usr/lib/gcc/x86_64-linux-gnu/5/../../../../lib] ==> [/usr/lib]
  collapse library dir [/lib/x86_64-linux-gnu] ==> [/lib/x86_64-linux-gnu]
  collapse library dir [/lib/../lib] ==> [/lib]
  collapse library dir [/usr/lib/x86_64-linux-gnu] ==> [/usr/lib/x86_64-linux-gnu]
  collapse library dir [/usr/lib/../lib] ==> [/usr/lib]
  collapse library dir [/usr/lib/gcc/x86_64-linux-gnu/5/../../..] ==> [/usr/lib]
  implicit libs: [c]
  implicit dirs: [/usr/lib/gcc/x86_64-linux-gnu/5;/usr/lib/x86_64-linux-gnu;/usr/lib;/lib/x86_64-linux-gnu;/lib]
  implicit fwks: []




Detecting C [-std=c11] compiler features compiled with the following output:
Change Dir: /home/alex-kozinov/programming/work/projects/CVision/build-linux-sdk/CMakeFiles/CMakeTmp

Run Build Command:"/usr/bin/make" "cmTC_56e48/fast"
make[1]: вход в каталог «/home/alex-kozinov/programming/work/projects/CVision/build-linux-sdk/CMakeFiles/CMakeTmp»
/usr/bin/make -f CMakeFiles/cmTC_56e48.dir/build.make CMakeFiles/cmTC_56e48.dir/build
make[2]: вход в каталог «/home/alex-kozinov/programming/work/projects/CVision/build-linux-sdk/CMakeFiles/CMakeTmp»
Building C object CMakeFiles/cmTC_56e48.dir/feature_tests.c.o
/usr/bin/cc    -std=c11 -o CMakeFiles/cmTC_56e48.dir/feature_tests.c.o   -c /home/alex-kozinov/programming/work/projects/CVision/build-linux-sdk/CMakeFiles/feature_tests.c
Linking C executable cmTC_56e48
/usr/bin/cmake -E cmake_link_script CMakeFiles/cmTC_56e48.dir/link.txt --verbose=1
/usr/bin/cc       CMakeFiles/cmTC_56e48.dir/feature_tests.c.o  -o cmTC_56e48 -rdynamic 
make[2]: выход из каталога «/home/alex-kozinov/programming/work/projects/CVision/build-linux-sdk/CMakeFiles/CMakeTmp»
make[1]: выход из каталога «/home/alex-kozinov/programming/work/projects/CVision/build-linux-sdk/CMakeFiles/CMakeTmp»


    Feature record: C_FEATURE:1c_function_prototypes
    Feature record: C_FEATURE:1c_restrict
    Feature record: C_FEATURE:1c_static_assert
    Feature record: C_FEATURE:1c_variadic_macros


Detecting C [-std=c99] compiler features compiled with the following output:
Change Dir: /home/alex-kozinov/programming/work/projects/CVision/build-linux-sdk/CMakeFiles/CMakeTmp

Run Build Command:"/usr/bin/make" "cmTC_a7b37/fast"
make[1]: вход в каталог «/home/alex-kozinov/programming/work/projects/CVision/build-linux-sdk/CMakeFiles/CMakeTmp»
/usr/bin/make -f CMakeFiles/cmTC_a7b37.dir/build.make CMakeFiles/cmTC_a7b37.dir/build
make[2]: вход в каталог «/home/alex-kozinov/programming/work/projects/CVision/build-linux-sdk/CMakeFiles/CMakeTmp»
Building C object CMakeFiles/cmTC_a7b37.dir/feature_tests.c.o
/usr/bin/cc    -std=c99 -o CMakeFiles/cmTC_a7b37.dir/feature_tests.c.o   -c /home/alex-kozinov/programming/work/projects/CVision/build-linux-sdk/CMakeFiles/feature_tests.c
Linking C executable cmTC_a7b37
/usr/bin/cmake -E cmake_link_script CMakeFiles/cmTC_a7b37.dir/link.txt --verbose=1
/usr/bin/cc       CMakeFiles/cmTC_a7b37.dir/feature_tests.c.o  -o cmTC_a7b37 -rdynamic 
make[2]: выход из каталога «/home/alex-kozinov/programming/work/projects/CVision/build-linux-sdk/CMakeFiles/CMakeTmp»
make[1]: выход из каталога «/home/alex-kozinov/programming/work/projects/CVision/build-linux-sdk/CMakeFiles/CMakeTmp»


    Feature record: C_FEATURE:1c_function_prototypes
    Feature record: C_FEATURE:1c_restrict
    Feature record: C_FEATURE:0c_static_assert
    Feature record: C_FEATURE:1c_variadic_macros


Detecting C [-std=c90] compiler features compiled with the following output:
Change Dir: /home/alex-kozinov/programming/work/projects/CVision/build-linux-sdk/CMakeFiles/CMakeTmp

Run Build Command:"/usr/bin/make" "cmTC_aaf72/fast"
make[1]: вход в каталог «/home/alex-kozinov/programming/work/projects/CVision/build-linux-sdk/CMakeFiles/CMakeTmp»
/usr/bin/make -f CMakeFiles/cmTC_aaf72.dir/build.make CMakeFiles/cmTC_aaf72.dir/build
make[2]: вход в каталог «/home/alex-kozinov/programming/work/projects/CVision/build-linux-sdk/CMakeFiles/CMakeTmp»
Building C object CMakeFiles/cmTC_aaf72.dir/feature_tests.c.o
/usr/bin/cc    -std=c90 -o CMakeFiles/cmTC_aaf72.dir/feature_tests.c.o   -c /home/alex-kozinov/programming/work/projects/CVision/build-linux-sdk/CMakeFiles/feature_tests.c
Linking C executable cmTC_aaf72
/usr/bin/cmake -E cmake_link_script CMakeFiles/cmTC_aaf72.dir/link.txt --verbose=1
/usr/bin/cc       CMakeFiles/cmTC_aaf72.dir/feature_tests.c.o  -o cmTC_aaf72 -rdynamic 
make[2]: выход из каталога «/home/alex-kozinov/programming/work/projects/CVision/build-linux-sdk/CMakeFiles/CMakeTmp»
make[1]: выход из каталога «/home/alex-kozinov/programming/work/projects/CVision/build-linux-sdk/CMakeFiles/CMakeTmp»


    Feature record: C_FEATURE:1c_function_prototypes
    Feature record: C_FEATURE:0c_restrict
    Feature record: C_FEATURE:0c_static_assert
    Feature record: C_FEATURE:0c_variadic_macros
Determining if the CXX compiler works passed with the following output:
Change Dir: /home/alex-kozinov/programming/work/projects/CVision/build-linux-sdk/CMakeFiles/CMakeTmp

Run Build Command:"/usr/bin/make" "cmTC_86976/fast"
make[1]: вход в каталог «/home/alex-kozinov/programming/work/projects/CVision/build-linux-sdk/CMakeFiles/CMakeTmp»
/usr/bin/make -f CMakeFiles/cmTC_86976.dir/build.make CMakeFiles/cmTC_86976.dir/build
make[2]: вход в каталог «/home/alex-kozinov/programming/work/projects/CVision/build-linux-sdk/CMakeFiles/CMakeTmp»
Building CXX object CMakeFiles/cmTC_86976.dir/testCXXCompiler.cxx.o
/usr/bin/c++     -std=gnu++11 -D_GLIBCXX_USE_CXX11_ABI=0    -o CMakeFiles/cmTC_86976.dir/testCXXCompiler.cxx.o -c /home/alex-kozinov/programming/work/projects/CVision/build-linux-sdk/CMakeFiles/CMakeTmp/testCXXCompiler.cxx
Linking CXX executable cmTC_86976
/usr/bin/cmake -E cmake_link_script CMakeFiles/cmTC_86976.dir/link.txt --verbose=1
/usr/bin/c++   -std=gnu++11 -D_GLIBCXX_USE_CXX11_ABI=0     CMakeFiles/cmTC_86976.dir/testCXXCompiler.cxx.o  -o cmTC_86976 -rdynamic 
make[2]: выход из каталога «/home/alex-kozinov/programming/work/projects/CVision/build-linux-sdk/CMakeFiles/CMakeTmp»
make[1]: выход из каталога «/home/alex-kozinov/programming/work/projects/CVision/build-linux-sdk/CMakeFiles/CMakeTmp»


Detecting CXX compiler ABI info compiled with the following output:
Change Dir: /home/alex-kozinov/programming/work/projects/CVision/build-linux-sdk/CMakeFiles/CMakeTmp

Run Build Command:"/usr/bin/make" "cmTC_8b886/fast"
make[1]: вход в каталог «/home/alex-kozinov/programming/work/projects/CVision/build-linux-sdk/CMakeFiles/CMakeTmp»
/usr/bin/make -f CMakeFiles/cmTC_8b886.dir/build.make CMakeFiles/cmTC_8b886.dir/build
make[2]: вход в каталог «/home/alex-kozinov/programming/work/projects/CVision/build-linux-sdk/CMakeFiles/CMakeTmp»
Building CXX object CMakeFiles/cmTC_8b886.dir/CMakeCXXCompilerABI.cpp.o
/usr/bin/c++     -std=gnu++11 -D_GLIBCXX_USE_CXX11_ABI=0    -o CMakeFiles/cmTC_8b886.dir/CMakeCXXCompilerABI.cpp.o -c /usr/share/cmake-3.5/Modules/CMakeCXXCompilerABI.cpp
Linking CXX executable cmTC_8b886
/usr/bin/cmake -E cmake_link_script CMakeFiles/cmTC_8b886.dir/link.txt --verbose=1
/usr/bin/c++   -std=gnu++11 -D_GLIBCXX_USE_CXX11_ABI=0    -v CMakeFiles/cmTC_8b886.dir/CMakeCXXCompilerABI.cpp.o  -o cmTC_8b886 -rdynamic  
Using built-in specs.
COLLECT_GCC=/usr/bin/c++
COLLECT_LTO_WRAPPER=/usr/lib/gcc/x86_64-linux-gnu/5/lto-wrapper
Target: x86_64-linux-gnu
Configured with: ../src/configure -v --with-pkgversion='Ubuntu 5.4.0-6ubuntu1~16.04.11' --with-bugurl=file:///usr/share/doc/gcc-5/README.Bugs --enable-languages=c,ada,c++,java,go,d,fortran,objc,obj-c++ --prefix=/usr --program-suffix=-5 --enable-shared --enable-linker-build-id --libexecdir=/usr/lib --without-included-gettext --enable-threads=posix --libdir=/usr/lib --enable-nls --with-sysroot=/ --enable-clocale=gnu --enable-libstdcxx-debug --enable-libstdcxx-time=yes --with-default-libstdcxx-abi=new --enable-gnu-unique-object --disable-vtable-verify --enable-libmpx --enable-plugin --with-system-zlib --disable-browser-plugin --enable-java-awt=gtk --enable-gtk-cairo --with-java-home=/usr/lib/jvm/java-1.5.0-gcj-5-amd64/jre --enable-java-home --with-jvm-root-dir=/usr/lib/jvm/java-1.5.0-gcj-5-amd64 --with-jvm-jar-dir=/usr/lib/jvm-exports/java-1.5.0-gcj-5-amd64 --with-arch-directory=amd64 --with-ecj-jar=/usr/share/java/eclipse-ecj.jar --enable-objc-gc --enable-multiarch --disable-werror --with-arch-32=i686 --with-abi=m64 --with-multilib-list=m32,m64,mx32 --enable-multilib --with-tune=generic --enable-checking=release --build=x86_64-linux-gnu --host=x86_64-linux-gnu --target=x86_64-linux-gnu
Thread model: posix
gcc version 5.4.0 20160609 (Ubuntu 5.4.0-6ubuntu1~16.04.11) 
COMPILER_PATH=/usr/lib/gcc/x86_64-linux-gnu/5/:/usr/lib/gcc/x86_64-linux-gnu/5/:/usr/lib/gcc/x86_64-linux-gnu/:/usr/lib/gcc/x86_64-linux-gnu/5/:/usr/lib/gcc/x86_64-linux-gnu/
LIBRARY_PATH=/usr/lib/gcc/x86_64-linux-gnu/5/:/usr/lib/gcc/x86_64-linux-gnu/5/../../../x86_64-linux-gnu/:/usr/lib/gcc/x86_64-linux-gnu/5/../../../../lib/:/lib/x86_64-linux-gnu/:/lib/../lib/:/usr/lib/x86_64-linux-gnu/:/usr/lib/../lib/:/usr/lib/gcc/x86_64-linux-gnu/5/../../../:/lib/:/usr/lib/
COLLECT_GCC_OPTIONS='-std=gnu++11' '-D' '_GLIBCXX_USE_CXX11_ABI=0' '-v' '-o' 'cmTC_8b886' '-rdynamic' '-shared-libgcc' '-mtune=generic' '-march=x86-64'
 /usr/lib/gcc/x86_64-linux-gnu/5/collect2 -plugin /usr/lib/gcc/x86_64-linux-gnu/5/liblto_plugin.so -plugin-opt=/usr/lib/gcc/x86_64-linux-gnu/5/lto-wrapper -plugin-opt=-fresolution=/tmp/ccV0oT9G.res -plugin-opt=-pass-through=-lgcc_s -plugin-opt=-pass-through=-lgcc -plugin-opt=-pass-through=-lc -plugin-opt=-pass-through=-lgcc_s -plugin-opt=-pass-through=-lgcc --sysroot=/ --build-id --eh-frame-hdr -m elf_x86_64 --hash-style=gnu --as-needed -export-dynamic -dynamic-linker /lib64/ld-linux-x86-64.so.2 -z relro -o cmTC_8b886 /usr/lib/gcc/x86_64-linux-gnu/5/../../../x86_64-linux-gnu/crt1.o /usr/lib/gcc/x86_64-linux-gnu/5/../../../x86_64-linux-gnu/crti.o /usr/lib/gcc/x86_64-linux-gnu/5/crtbegin.o -L/usr/lib/gcc/x86_64-linux-gnu/5 -L/usr/lib/gcc/x86_64-linux-gnu/5/../../../x86_64-linux-gnu -L/usr/lib/gcc/x86_64-linux-gnu/5/../../../../lib -L/lib/x86_64-linux-gnu -L/lib/../lib -L/usr/lib/x86_64-linux-gnu -L/usr/lib/../lib -L/usr/lib/gcc/x86_64-linux-gnu/5/../../.. CMakeFiles/cmTC_8b886.dir/CMakeCXXCompilerABI.cpp.o -lstdc++ -lm -lgcc_s -lgcc -lc -lgcc_s -lgcc /usr/lib/gcc/x86_64-linux-gnu/5/crtend.o /usr/lib/gcc/x86_64-linux-gnu/5/../../../x86_64-linux-gnu/crtn.o
make[2]: выход из каталога «/home/alex-kozinov/programming/work/projects/CVision/build-linux-sdk/CMakeFiles/CMakeTmp»
make[1]: выход из каталога «/home/alex-kozinov/programming/work/projects/CVision/build-linux-sdk/CMakeFiles/CMakeTmp»


Parsed CXX implicit link information from above output:
  link line regex: [^( *|.*[/\])(ld|([^/\]+-)?ld|collect2)[^/\]*( |$)]
  ignore line: [Change Dir: /home/alex-kozinov/programming/work/projects/CVision/build-linux-sdk/CMakeFiles/CMakeTmp]
  ignore line: []
  ignore line: [Run Build Command:"/usr/bin/make" "cmTC_8b886/fast"]
  ignore line: [make[1]: вход в каталог «/home/alex-kozinov/programming/work/projects/CVision/build-linux-sdk/CMakeFiles/CMakeTmp»]
  ignore line: [/usr/bin/make -f CMakeFiles/cmTC_8b886.dir/build.make CMakeFiles/cmTC_8b886.dir/build]
  ignore line: [make[2]: вход в каталог «/home/alex-kozinov/programming/work/projects/CVision/build-linux-sdk/CMakeFiles/CMakeTmp»]
  ignore line: [Building CXX object CMakeFiles/cmTC_8b886.dir/CMakeCXXCompilerABI.cpp.o]
  ignore line: [/usr/bin/c++     -std=gnu++11 -D_GLIBCXX_USE_CXX11_ABI=0    -o CMakeFiles/cmTC_8b886.dir/CMakeCXXCompilerABI.cpp.o -c /usr/share/cmake-3.5/Modules/CMakeCXXCompilerABI.cpp]
  ignore line: [Linking CXX executable cmTC_8b886]
  ignore line: [/usr/bin/cmake -E cmake_link_script CMakeFiles/cmTC_8b886.dir/link.txt --verbose=1]
  ignore line: [/usr/bin/c++   -std=gnu++11 -D_GLIBCXX_USE_CXX11_ABI=0    -v CMakeFiles/cmTC_8b886.dir/CMakeCXXCompilerABI.cpp.o  -o cmTC_8b886 -rdynamic  ]
  ignore line: [Using built-in specs.]
  ignore line: [COLLECT_GCC=/usr/bin/c++]
  ignore line: [COLLECT_LTO_WRAPPER=/usr/lib/gcc/x86_64-linux-gnu/5/lto-wrapper]
  ignore line: [Target: x86_64-linux-gnu]
  ignore line: [Configured with: ../src/configure -v --with-pkgversion='Ubuntu 5.4.0-6ubuntu1~16.04.11' --with-bugurl=file:///usr/share/doc/gcc-5/README.Bugs --enable-languages=c,ada,c++,java,go,d,fortran,objc,obj-c++ --prefix=/usr --program-suffix=-5 --enable-shared --enable-linker-build-id --libexecdir=/usr/lib --without-included-gettext --enable-threads=posix --libdir=/usr/lib --enable-nls --with-sysroot=/ --enable-clocale=gnu --enable-libstdcxx-debug --enable-libstdcxx-time=yes --with-default-libstdcxx-abi=new --enable-gnu-unique-object --disable-vtable-verify --enable-libmpx --enable-plugin --with-system-zlib --disable-browser-plugin --enable-java-awt=gtk --enable-gtk-cairo --with-java-home=/usr/lib/jvm/java-1.5.0-gcj-5-amd64/jre --enable-java-home --with-jvm-root-dir=/usr/lib/jvm/java-1.5.0-gcj-5-amd64 --with-jvm-jar-dir=/usr/lib/jvm-exports/java-1.5.0-gcj-5-amd64 --with-arch-directory=amd64 --with-ecj-jar=/usr/share/java/eclipse-ecj.jar --enable-objc-gc --enable-multiarch --disable-werror --with-arch-32=i686 --with-abi=m64 --with-multilib-list=m32,m64,mx32 --enable-multilib --with-tune=generic --enable-checking=release --build=x86_64-linux-gnu --host=x86_64-linux-gnu --target=x86_64-linux-gnu]
  ignore line: [Thread model: posix]
  ignore line: [gcc version 5.4.0 20160609 (Ubuntu 5.4.0-6ubuntu1~16.04.11) ]
  ignore line: [COMPILER_PATH=/usr/lib/gcc/x86_64-linux-gnu/5/:/usr/lib/gcc/x86_64-linux-gnu/5/:/usr/lib/gcc/x86_64-linux-gnu/:/usr/lib/gcc/x86_64-linux-gnu/5/:/usr/lib/gcc/x86_64-linux-gnu/]
  ignore line: [LIBRARY_PATH=/usr/lib/gcc/x86_64-linux-gnu/5/:/usr/lib/gcc/x86_64-linux-gnu/5/../../../x86_64-linux-gnu/:/usr/lib/gcc/x86_64-linux-gnu/5/../../../../lib/:/lib/x86_64-linux-gnu/:/lib/../lib/:/usr/lib/x86_64-linux-gnu/:/usr/lib/../lib/:/usr/lib/gcc/x86_64-linux-gnu/5/../../../:/lib/:/usr/lib/]
  ignore line: [COLLECT_GCC_OPTIONS='-std=gnu++11' '-D' '_GLIBCXX_USE_CXX11_ABI=0' '-v' '-o' 'cmTC_8b886' '-rdynamic' '-shared-libgcc' '-mtune=generic' '-march=x86-64']
  link line: [ /usr/lib/gcc/x86_64-linux-gnu/5/collect2 -plugin /usr/lib/gcc/x86_64-linux-gnu/5/liblto_plugin.so -plugin-opt=/usr/lib/gcc/x86_64-linux-gnu/5/lto-wrapper -plugin-opt=-fresolution=/tmp/ccV0oT9G.res -plugin-opt=-pass-through=-lgcc_s -plugin-opt=-pass-through=-lgcc -plugin-opt=-pass-through=-lc -plugin-opt=-pass-through=-lgcc_s -plugin-opt=-pass-through=-lgcc --sysroot=/ --build-id --eh-frame-hdr -m elf_x86_64 --hash-style=gnu --as-needed -export-dynamic -dynamic-linker /lib64/ld-linux-x86-64.so.2 -z relro -o cmTC_8b886 /usr/lib/gcc/x86_64-linux-gnu/5/../../../x86_64-linux-gnu/crt1.o /usr/lib/gcc/x86_64-linux-gnu/5/../../../x86_64-linux-gnu/crti.o /usr/lib/gcc/x86_64-linux-gnu/5/crtbegin.o -L/usr/lib/gcc/x86_64-linux-gnu/5 -L/usr/lib/gcc/x86_64-linux-gnu/5/../../../x86_64-linux-gnu -L/usr/lib/gcc/x86_64-linux-gnu/5/../../../../lib -L/lib/x86_64-linux-gnu -L/lib/../lib -L/usr/lib/x86_64-linux-gnu -L/usr/lib/../lib -L/usr/lib/gcc/x86_64-linux-gnu/5/../../.. CMakeFiles/cmTC_8b886.dir/CMakeCXXCompilerABI.cpp.o -lstdc++ -lm -lgcc_s -lgcc -lc -lgcc_s -lgcc /usr/lib/gcc/x86_64-linux-gnu/5/crtend.o /usr/lib/gcc/x86_64-linux-gnu/5/../../../x86_64-linux-gnu/crtn.o]
    arg [/usr/lib/gcc/x86_64-linux-gnu/5/collect2] ==> ignore
    arg [-plugin] ==> ignore
    arg [/usr/lib/gcc/x86_64-linux-gnu/5/liblto_plugin.so] ==> ignore
    arg [-plugin-opt=/usr/lib/gcc/x86_64-linux-gnu/5/lto-wrapper] ==> ignore
    arg [-plugin-opt=-fresolution=/tmp/ccV0oT9G.res] ==> ignore
    arg [-plugin-opt=-pass-through=-lgcc_s] ==> ignore
    arg [-plugin-opt=-pass-through=-lgcc] ==> ignore
    arg [-plugin-opt=-pass-through=-lc] ==> ignore
    arg [-plugin-opt=-pass-through=-lgcc_s] ==> ignore
    arg [-plugin-opt=-pass-through=-lgcc] ==> ignore
    arg [--sysroot=/] ==> ignore
    arg [--build-id] ==> ignore
    arg [--eh-frame-hdr] ==> ignore
    arg [-m] ==> ignore
    arg [elf_x86_64] ==> ignore
    arg [--hash-style=gnu] ==> ignore
    arg [--as-needed] ==> ignore
    arg [-export-dynamic] ==> ignore
    arg [-dynamic-linker] ==> ignore
    arg [/lib64/ld-linux-x86-64.so.2] ==> ignore
    arg [-zrelro] ==> ignore
    arg [-o] ==> ignore
    arg [cmTC_8b886] ==> ignore
    arg [/usr/lib/gcc/x86_64-linux-gnu/5/../../../x86_64-linux-gnu/crt1.o] ==> ignore
    arg [/usr/lib/gcc/x86_64-linux-gnu/5/../../../x86_64-linux-gnu/crti.o] ==> ignore
    arg [/usr/lib/gcc/x86_64-linux-gnu/5/crtbegin.o] ==> ignore
    arg [-L/usr/lib/gcc/x86_64-linux-gnu/5] ==> dir [/usr/lib/gcc/x86_64-linux-gnu/5]
    arg [-L/usr/lib/gcc/x86_64-linux-gnu/5/../../../x86_64-linux-gnu] ==> dir [/usr/lib/gcc/x86_64-linux-gnu/5/../../../x86_64-linux-gnu]
    arg [-L/usr/lib/gcc/x86_64-linux-gnu/5/../../../../lib] ==> dir [/usr/lib/gcc/x86_64-linux-gnu/5/../../../../lib]
    arg [-L/lib/x86_64-linux-gnu] ==> dir [/lib/x86_64-linux-gnu]
    arg [-L/lib/../lib] ==> dir [/lib/../lib]
    arg [-L/usr/lib/x86_64-linux-gnu] ==> dir [/usr/lib/x86_64-linux-gnu]
    arg [-L/usr/lib/../lib] ==> dir [/usr/lib/../lib]
    arg [-L/usr/lib/gcc/x86_64-linux-gnu/5/../../..] ==> dir [/usr/lib/gcc/x86_64-linux-gnu/5/../../..]
    arg [CMakeFiles/cmTC_8b886.dir/CMakeCXXCompilerABI.cpp.o] ==> ignore
    arg [-lstdc++] ==> lib [stdc++]
    arg [-lm] ==> lib [m]
    arg [-lgcc_s] ==> lib [gcc_s]
    arg [-lgcc] ==> lib [gcc]
    arg [-lc] ==> lib [c]
    arg [-lgcc_s] ==> lib [gcc_s]
    arg [-lgcc] ==> lib [gcc]
    arg [/usr/lib/gcc/x86_64-linux-gnu/5/crtend.o] ==> ignore
    arg [/usr/lib/gcc/x86_64-linux-gnu/5/../../../x86_64-linux-gnu/crtn.o] ==> ignore
  remove lib [gcc_s]
  remove lib [gcc]
  remove lib [gcc_s]
  remove lib [gcc]
  collapse library dir [/usr/lib/gcc/x86_64-linux-gnu/5] ==> [/usr/lib/gcc/x86_64-linux-gnu/5]
  collapse library dir [/usr/lib/gcc/x86_64-linux-gnu/5/../../../x86_64-linux-gnu] ==> [/usr/lib/x86_64-linux-gnu]
  collapse library dir [/usr/lib/gcc/x86_64-linux-gnu/5/../../../../lib] ==> [/usr/lib]
  collapse library dir [/lib/x86_64-linux-gnu] ==> [/lib/x86_64-linux-gnu]
  collapse library dir [/lib/../lib] ==> [/lib]
  collapse library dir [/usr/lib/x86_64-linux-gnu] ==> [/usr/lib/x86_64-linux-gnu]
  collapse library dir [/usr/lib/../lib] ==> [/usr/lib]
  collapse library dir [/usr/lib/gcc/x86_64-linux-gnu/5/../../..] ==> [/usr/lib]
  implicit libs: [stdc++;m;c]
  implicit dirs: [/usr/lib/gcc/x86_64-linux-gnu/5;/usr/lib/x86_64-linux-gnu;/usr/lib;/lib/x86_64-linux-gnu;/lib]
  implicit fwks: []




Detecting CXX [-std=c++14] compiler features compiled with the following output:
Change Dir: /home/alex-kozinov/programming/work/projects/CVision/build-linux-sdk/CMakeFiles/CMakeTmp

Run Build Command:"/usr/bin/make" "cmTC_44453/fast"
make[1]: вход в каталог «/home/alex-kozinov/programming/work/projects/CVision/build-linux-sdk/CMakeFiles/CMakeTmp»
/usr/bin/make -f CMakeFiles/cmTC_44453.dir/build.make CMakeFiles/cmTC_44453.dir/build
make[2]: вход в каталог «/home/alex-kozinov/programming/work/projects/CVision/build-linux-sdk/CMakeFiles/CMakeTmp»
Building CXX object CMakeFiles/cmTC_44453.dir/feature_tests.cxx.o
/usr/bin/c++     -std=gnu++11 -D_GLIBCXX_USE_CXX11_ABI=0    -std=c++14 -o CMakeFiles/cmTC_44453.dir/feature_tests.cxx.o -c /home/alex-kozinov/programming/work/projects/CVision/build-linux-sdk/CMakeFiles/feature_tests.cxx
Linking CXX executable cmTC_44453
/usr/bin/cmake -E cmake_link_script CMakeFiles/cmTC_44453.dir/link.txt --verbose=1
/usr/bin/c++   -std=gnu++11 -D_GLIBCXX_USE_CXX11_ABI=0     CMakeFiles/cmTC_44453.dir/feature_tests.cxx.o  -o cmTC_44453 -rdynamic 
make[2]: выход из каталога «/home/alex-kozinov/programming/work/projects/CVision/build-linux-sdk/CMakeFiles/CMakeTmp»
make[1]: выход из каталога «/home/alex-kozinov/programming/work/projects/CVision/build-linux-sdk/CMakeFiles/CMakeTmp»


    Feature record: CXX_FEATURE:1cxx_aggregate_default_initializers
    Feature record: CXX_FEATURE:1cxx_alias_templates
    Feature record: CXX_FEATURE:1cxx_alignas
    Feature record: CXX_FEATURE:1cxx_alignof
    Feature record: CXX_FEATURE:1cxx_attributes
    Feature record: CXX_FEATURE:1cxx_attribute_deprecated
    Feature record: CXX_FEATURE:1cxx_auto_type
    Feature record: CXX_FEATURE:1cxx_binary_literals
    Feature record: CXX_FEATURE:1cxx_constexpr
    Feature record: CXX_FEATURE:1cxx_contextual_conversions
    Feature record: CXX_FEATURE:1cxx_decltype
    Feature record: CXX_FEATURE:1cxx_decltype_auto
    Feature record: CXX_FEATURE:1cxx_decltype_incomplete_return_types
    Feature record: CXX_FEATURE:1cxx_default_function_template_args
    Feature record: CXX_FEATURE:1cxx_defaulted_functions
    Feature record: CXX_FEATURE:1cxx_defaulted_move_initializers
    Feature record: CXX_FEATURE:1cxx_delegating_constructors
    Feature record: CXX_FEATURE:1cxx_deleted_functions
    Feature record: CXX_FEATURE:1cxx_digit_separators
    Feature record: CXX_FEATURE:1cxx_enum_forward_declarations
    Feature record: CXX_FEATURE:1cxx_explicit_conversions
    Feature record: CXX_FEATURE:1cxx_extended_friend_declarations
    Feature record: CXX_FEATURE:1cxx_extern_templates
    Feature record: CXX_FEATURE:1cxx_final
    Feature record: CXX_FEATURE:1cxx_func_identifier
    Feature record: CXX_FEATURE:1cxx_generalized_initializers
    Feature record: CXX_FEATURE:1cxx_generic_lambdas
    Feature record: CXX_FEATURE:1cxx_inheriting_constructors
    Feature record: CXX_FEATURE:1cxx_inline_namespaces
    Feature record: CXX_FEATURE:1cxx_lambdas
    Feature record: CXX_FEATURE:1cxx_lambda_init_captures
    Feature record: CXX_FEATURE:1cxx_local_type_template_args
    Feature record: CXX_FEATURE:1cxx_long_long_type
    Feature record: CXX_FEATURE:1cxx_noexcept
    Feature record: CXX_FEATURE:1cxx_nonstatic_member_init
    Feature record: CXX_FEATURE:1cxx_nullptr
    Feature record: CXX_FEATURE:1cxx_override
    Feature record: CXX_FEATURE:1cxx_range_for
    Feature record: CXX_FEATURE:1cxx_raw_string_literals
    Feature record: CXX_FEATURE:1cxx_reference_qualified_functions
    Feature record: CXX_FEATURE:1cxx_relaxed_constexpr
    Feature record: CXX_FEATURE:1cxx_return_type_deduction
    Feature record: CXX_FEATURE:1cxx_right_angle_brackets
    Feature record: CXX_FEATURE:1cxx_rvalue_references
    Feature record: CXX_FEATURE:1cxx_sizeof_member
    Feature record: CXX_FEATURE:1cxx_static_assert
    Feature record: CXX_FEATURE:1cxx_strong_enums
    Feature record: CXX_FEATURE:1cxx_template_template_parameters
    Feature record: CXX_FEATURE:1cxx_thread_local
    Feature record: CXX_FEATURE:1cxx_trailing_return_types
    Feature record: CXX_FEATURE:1cxx_unicode_literals
    Feature record: CXX_FEATURE:1cxx_uniform_initialization
    Feature record: CXX_FEATURE:1cxx_unrestricted_unions
    Feature record: CXX_FEATURE:1cxx_user_literals
    Feature record: CXX_FEATURE:1cxx_variable_templates
    Feature record: CXX_FEATURE:1cxx_variadic_macros
    Feature record: CXX_FEATURE:1cxx_variadic_templates


Detecting CXX [-std=c++11] compiler features compiled with the following output:
Change Dir: /home/alex-kozinov/programming/work/projects/CVision/build-linux-sdk/CMakeFiles/CMakeTmp

Run Build Command:"/usr/bin/make" "cmTC_3413a/fast"
make[1]: вход в каталог «/home/alex-kozinov/programming/work/projects/CVision/build-linux-sdk/CMakeFiles/CMakeTmp»
/usr/bin/make -f CMakeFiles/cmTC_3413a.dir/build.make CMakeFiles/cmTC_3413a.dir/build
make[2]: вход в каталог «/home/alex-kozinov/programming/work/projects/CVision/build-linux-sdk/CMakeFiles/CMakeTmp»
Building CXX object CMakeFiles/cmTC_3413a.dir/feature_tests.cxx.o
/usr/bin/c++     -std=gnu++11 -D_GLIBCXX_USE_CXX11_ABI=0    -std=c++11 -o CMakeFiles/cmTC_3413a.dir/feature_tests.cxx.o -c /home/alex-kozinov/programming/work/projects/CVision/build-linux-sdk/CMakeFiles/feature_tests.cxx
Linking CXX executable cmTC_3413a
/usr/bin/cmake -E cmake_link_script CMakeFiles/cmTC_3413a.dir/link.txt --verbose=1
/usr/bin/c++   -std=gnu++11 -D_GLIBCXX_USE_CXX11_ABI=0     CMakeFiles/cmTC_3413a.dir/feature_tests.cxx.o  -o cmTC_3413a -rdynamic 
make[2]: выход из каталога «/home/alex-kozinov/programming/work/projects/CVision/build-linux-sdk/CMakeFiles/CMakeTmp»
make[1]: выход из каталога «/home/alex-kozinov/programming/work/projects/CVision/build-linux-sdk/CMakeFiles/CMakeTmp»


    Feature record: CXX_FEATURE:0cxx_aggregate_default_initializers
    Feature record: CXX_FEATURE:1cxx_alias_templates
    Feature record: CXX_FEATURE:1cxx_alignas
    Feature record: CXX_FEATURE:1cxx_alignof
    Feature record: CXX_FEATURE:1cxx_attributes
    Feature record: CXX_FEATURE:0cxx_attribute_deprecated
    Feature record: CXX_FEATURE:1cxx_auto_type
    Feature record: CXX_FEATURE:0cxx_binary_literals
    Feature record: CXX_FEATURE:1cxx_constexpr
    Feature record: CXX_FEATURE:0cxx_contextual_conversions
    Feature record: CXX_FEATURE:1cxx_decltype
    Feature record: CXX_FEATURE:0cxx_decltype_auto
    Feature record: CXX_FEATURE:1cxx_decltype_incomplete_return_types
    Feature record: CXX_FEATURE:1cxx_default_function_template_args
    Feature record: CXX_FEATURE:1cxx_defaulted_functions
    Feature record: CXX_FEATURE:1cxx_defaulted_move_initializers
    Feature record: CXX_FEATURE:1cxx_delegating_constructors
    Feature record: CXX_FEATURE:1cxx_deleted_functions
    Feature record: CXX_FEATURE:0cxx_digit_separators
    Feature record: CXX_FEATURE:1cxx_enum_forward_declarations
    Feature record: CXX_FEATURE:1cxx_explicit_conversions
    Feature record: CXX_FEATURE:1cxx_extended_friend_declarations
    Feature record: CXX_FEATURE:1cxx_extern_templates
    Feature record: CXX_FEATURE:1cxx_final
    Feature record: CXX_FEATURE:1cxx_func_identifier
    Feature record: CXX_FEATURE:1cxx_generalized_initializers
    Feature record: CXX_FEATURE:0cxx_generic_lambdas
    Feature record: CXX_FEATURE:1cxx_inheriting_constructors
    Feature record: CXX_FEATURE:1cxx_inline_namespaces
    Feature record: CXX_FEATURE:1cxx_lambdas
    Feature record: CXX_FEATURE:0cxx_lambda_init_captures
    Feature record: CXX_FEATURE:1cxx_local_type_template_args
    Feature record: CXX_FEATURE:1cxx_long_long_type
    Feature record: CXX_FEATURE:1cxx_noexcept
    Feature record: CXX_FEATURE:1cxx_nonstatic_member_init
    Feature record: CXX_FEATURE:1cxx_nullptr
    Feature record: CXX_FEATURE:1cxx_override
    Feature record: CXX_FEATURE:1cxx_range_for
    Feature record: CXX_FEATURE:1cxx_raw_string_literals
    Feature record: CXX_FEATURE:1cxx_reference_qualified_functions
    Feature record: CXX_FEATURE:0cxx_relaxed_constexpr
    Feature record: CXX_FEATURE:0cxx_return_type_deduction
    Feature record: CXX_FEATURE:1cxx_right_angle_brackets
    Feature record: CXX_FEATURE:1cxx_rvalue_references
    Feature record: CXX_FEATURE:1cxx_sizeof_member
    Feature record: CXX_FEATURE:1cxx_static_assert
    Feature record: CXX_FEATURE:1cxx_strong_enums
    Feature record: CXX_FEATURE:1cxx_template_template_parameters
    Feature record: CXX_FEATURE:1cxx_thread_local
    Feature record: CXX_FEATURE:1cxx_trailing_return_types
    Feature record: CXX_FEATURE:1cxx_unicode_literals
    Feature record: CXX_FEATURE:1cxx_uniform_initialization
    Feature record: CXX_FEATURE:1cxx_unrestricted_unions
    Feature record: CXX_FEATURE:1cxx_user_literals
    Feature record: CXX_FEATURE:0cxx_variable_templates
    Feature record: CXX_FEATURE:1cxx_variadic_macros
    Feature record: CXX_FEATURE:1cxx_variadic_templates


Detecting CXX [-std=c++98] compiler features compiled with the following output:
Change Dir: /home/alex-kozinov/programming/work/projects/CVision/build-linux-sdk/CMakeFiles/CMakeTmp

Run Build Command:"/usr/bin/make" "cmTC_4be93/fast"
make[1]: вход в каталог «/home/alex-kozinov/programming/work/projects/CVision/build-linux-sdk/CMakeFiles/CMakeTmp»
/usr/bin/make -f CMakeFiles/cmTC_4be93.dir/build.make CMakeFiles/cmTC_4be93.dir/build
make[2]: вход в каталог «/home/alex-kozinov/programming/work/projects/CVision/build-linux-sdk/CMakeFiles/CMakeTmp»
Building CXX object CMakeFiles/cmTC_4be93.dir/feature_tests.cxx.o
/usr/bin/c++     -std=gnu++11 -D_GLIBCXX_USE_CXX11_ABI=0    -std=c++98 -o CMakeFiles/cmTC_4be93.dir/feature_tests.cxx.o -c /home/alex-kozinov/programming/work/projects/CVision/build-linux-sdk/CMakeFiles/feature_tests.cxx
Linking CXX executable cmTC_4be93
/usr/bin/cmake -E cmake_link_script CMakeFiles/cmTC_4be93.dir/link.txt --verbose=1
/usr/bin/c++   -std=gnu++11 -D_GLIBCXX_USE_CXX11_ABI=0     CMakeFiles/cmTC_4be93.dir/feature_tests.cxx.o  -o cmTC_4be93 -rdynamic 
make[2]: выход из каталога «/home/alex-kozinov/programming/work/projects/CVision/build-linux-sdk/CMakeFiles/CMakeTmp»
make[1]: выход из каталога «/home/alex-kozinov/programming/work/projects/CVision/build-linux-sdk/CMakeFiles/CMakeTmp»


    Feature record: CXX_FEATURE:0cxx_aggregate_default_initializers
    Feature record: CXX_FEATURE:0cxx_alias_templates
    Feature record: CXX_FEATURE:0cxx_alignas
    Feature record: CXX_FEATURE:0cxx_alignof
    Feature record: CXX_FEATURE:0cxx_attributes
    Feature record: CXX_FEATURE:0cxx_attribute_deprecated
    Feature record: CXX_FEATURE:0cxx_auto_type
    Feature record: CXX_FEATURE:0cxx_binary_literals
    Feature record: CXX_FEATURE:0cxx_constexpr
    Feature record: CXX_FEATURE:0cxx_contextual_conversions
    Feature record: CXX_FEATURE:0cxx_decltype
    Feature record: CXX_FEATURE:0cxx_decltype_auto
    Feature record: CXX_FEATURE:0cxx_decltype_incomplete_return_types
    Feature record: CXX_FEATURE:0cxx_default_function_template_args
    Feature record: CXX_FEATURE:0cxx_defaulted_functions
    Feature record: CXX_FEATURE:0cxx_defaulted_move_initializers
    Feature record: CXX_FEATURE:0cxx_delegating_constructors
    Feature record: CXX_FEATURE:0cxx_deleted_functions
    Feature record: CXX_FEATURE:0cxx_digit_separators
    Feature record: CXX_FEATURE:0cxx_enum_forward_declarations
    Feature record: CXX_FEATURE:0cxx_explicit_conversions
    Feature record: CXX_FEATURE:0cxx_extended_friend_declarations
    Feature record: CXX_FEATURE:0cxx_extern_templates
    Feature record: CXX_FEATURE:0cxx_final
    Feature record: CXX_FEATURE:0cxx_func_identifier
    Feature record: CXX_FEATURE:0cxx_generalized_initializers
    Feature record: CXX_FEATURE:0cxx_generic_lambdas
    Feature record: CXX_FEATURE:0cxx_inheriting_constructors
    Feature record: CXX_FEATURE:0cxx_inline_namespaces
    Feature record: CXX_FEATURE:0cxx_lambdas
    Feature record: CXX_FEATURE:0cxx_lambda_init_captures
    Feature record: CXX_FEATURE:0cxx_local_type_template_args
    Feature record: CXX_FEATURE:0cxx_long_long_type
    Feature record: CXX_FEATURE:0cxx_noexcept
    Feature record: CXX_FEATURE:0cxx_nonstatic_member_init
    Feature record: CXX_FEATURE:0cxx_nullptr
    Feature record: CXX_FEATURE:0cxx_override
    Feature record: CXX_FEATURE:0cxx_range_for
    Feature record: CXX_FEATURE:0cxx_raw_string_literals
    Feature record: CXX_FEATURE:0cxx_reference_qualified_functions
    Feature record: CXX_FEATURE:0cxx_relaxed_constexpr
    Feature record: CXX_FEATURE:0cxx_return_type_deduction
    Feature record: CXX_FEATURE:0cxx_right_angle_brackets
    Feature record: CXX_FEATURE:0cxx_rvalue_references
    Feature record: CXX_FEATURE:0cxx_sizeof_member
    Feature record: CXX_FEATURE:0cxx_static_assert
    Feature record: CXX_FEATURE:0cxx_strong_enums
    Feature record: CXX_FEATURE:1cxx_template_template_parameters
    Feature record: CXX_FEATURE:0cxx_thread_local
    Feature record: CXX_FEATURE:0cxx_trailing_return_types
    Feature record: CXX_FEATURE:0cxx_unicode_literals
    Feature record: CXX_FEATURE:0cxx_uniform_initialization
    Feature record: CXX_FEATURE:0cxx_unrestricted_unions
    Feature record: CXX_FEATURE:0cxx_user_literals
    Feature record: CXX_FEATURE:0cxx_variable_templates
    Feature record: CXX_FEATURE:0cxx_variadic_macros
    Feature record: CXX_FEATURE:0cxx_variadic_templates
Determining if the include file pthread.h exists passed with the following output:
Change Dir: /home/alex-kozinov/programming/work/projects/CVision/build-linux-sdk/CMakeFiles/CMakeTmp

Run Build Command:"/usr/bin/make" "cmTC_ceb3e/fast"
make[1]: вход в каталог «/home/alex-kozinov/programming/work/projects/CVision/build-linux-sdk/CMakeFiles/CMakeTmp»
/usr/bin/make -f CMakeFiles/cmTC_ceb3e.dir/build.make CMakeFiles/cmTC_ceb3e.dir/build
make[2]: вход в каталог «/home/alex-kozinov/programming/work/projects/CVision/build-linux-sdk/CMakeFiles/CMakeTmp»
Building C object CMakeFiles/cmTC_ceb3e.dir/CheckIncludeFile.c.o
/usr/bin/cc     -o CMakeFiles/cmTC_ceb3e.dir/CheckIncludeFile.c.o   -c /home/alex-kozinov/programming/work/projects/CVision/build-linux-sdk/CMakeFiles/CMakeTmp/CheckIncludeFile.c
Linking C executable cmTC_ceb3e
/usr/bin/cmake -E cmake_link_script CMakeFiles/cmTC_ceb3e.dir/link.txt --verbose=1
/usr/bin/cc       CMakeFiles/cmTC_ceb3e.dir/CheckIncludeFile.c.o  -o cmTC_ceb3e -rdynamic 
make[2]: выход из каталога «/home/alex-kozinov/programming/work/projects/CVision/build-linux-sdk/CMakeFiles/CMakeTmp»
make[1]: выход из каталога «/home/alex-kozinov/programming/work/projects/CVision/build-linux-sdk/CMakeFiles/CMakeTmp»


Determining if the function pthread_create exists in the pthread passed with the following output:
Change Dir: /home/alex-kozinov/programming/work/projects/CVision/build-linux-sdk/CMakeFiles/CMakeTmp

Run Build Command:"/usr/bin/make" "cmTC_76ec2/fast"
make[1]: вход в каталог «/home/alex-kozinov/programming/work/projects/CVision/build-linux-sdk/CMakeFiles/CMakeTmp»
/usr/bin/make -f CMakeFiles/cmTC_76ec2.dir/build.make CMakeFiles/cmTC_76ec2.dir/build
make[2]: вход в каталог «/home/alex-kozinov/programming/work/projects/CVision/build-linux-sdk/CMakeFiles/CMakeTmp»
Building C object CMakeFiles/cmTC_76ec2.dir/CheckFunctionExists.c.o
/usr/bin/cc    -DCHECK_FUNCTION_EXISTS=pthread_create   -o CMakeFiles/cmTC_76ec2.dir/CheckFunctionExists.c.o   -c /usr/share/cmake-3.5/Modules/CheckFunctionExists.c
Linking C executable cmTC_76ec2
/usr/bin/cmake -E cmake_link_script CMakeFiles/cmTC_76ec2.dir/link.txt --verbose=1
/usr/bin/cc   -DCHECK_FUNCTION_EXISTS=pthread_create    CMakeFiles/cmTC_76ec2.dir/CheckFunctionExists.c.o  -o cmTC_76ec2 -rdynamic -lpthread 
make[2]: выход из каталога «/home/alex-kozinov/programming/work/projects/CVision/build-linux-sdk/CMakeFiles/CMakeTmp»
make[1]: выход из каталога «/home/alex-kozinov/programming/work/projects/CVision/build-linux-sdk/CMakeFiles/CMakeTmp»


Determining if the include file pthread.h exists passed with the following output:
Change Dir: /home/alex-kozinov/programming/work/projects/CVision/build-linux-sdk/CMakeFiles/CMakeTmp

Run Build Command:"/usr/bin/make" "cmTC_a33d8/fast"
make[1]: вход в каталог «/home/alex-kozinov/programming/work/projects/CVision/build-linux-sdk/CMakeFiles/CMakeTmp»
/usr/bin/make -f CMakeFiles/cmTC_a33d8.dir/build.make CMakeFiles/cmTC_a33d8.dir/build
make[2]: вход в каталог «/home/alex-kozinov/programming/work/projects/CVision/build-linux-sdk/CMakeFiles/CMakeTmp»
Building C object CMakeFiles/cmTC_a33d8.dir/CheckIncludeFile.c.o
/usr/bin/cc     -o CMakeFiles/cmTC_a33d8.dir/CheckIncludeFile.c.o   -c /home/alex-kozinov/programming/work/projects/CVision/build-linux-sdk/CMakeFiles/CMakeTmp/CheckIncludeFile.c
Linking C executable cmTC_a33d8
/usr/bin/cmake -E cmake_link_script CMakeFiles/cmTC_a33d8.dir/link.txt --verbose=1
/usr/bin/cc       CMakeFiles/cmTC_a33d8.dir/CheckIncludeFile.c.o  -o cmTC_a33d8 -rdynamic 
make[2]: выход из каталога «/home/alex-kozinov/programming/work/projects/CVision/build-linux-sdk/CMakeFiles/CMakeTmp»
make[1]: выход из каталога «/home/alex-kozinov/programming/work/projects/CVision/build-linux-sdk/CMakeFiles/CMakeTmp»


Determining if the function pthread_create exists in the pthread passed with the following output:
Change Dir: /home/alex-kozinov/programming/work/projects/CVision/build-linux-sdk/CMakeFiles/CMakeTmp

Run Build Command:"/usr/bin/make" "cmTC_9b3c1/fast"
make[1]: вход в каталог «/home/alex-kozinov/programming/work/projects/CVision/build-linux-sdk/CMakeFiles/CMakeTmp»
/usr/bin/make -f CMakeFiles/cmTC_9b3c1.dir/build.make CMakeFiles/cmTC_9b3c1.dir/build
make[2]: вход в каталог «/home/alex-kozinov/programming/work/projects/CVision/build-linux-sdk/CMakeFiles/CMakeTmp»
Building C object CMakeFiles/cmTC_9b3c1.dir/CheckFunctionExists.c.o
/usr/bin/cc    -DCHECK_FUNCTION_EXISTS=pthread_create   -o CMakeFiles/cmTC_9b3c1.dir/CheckFunctionExists.c.o   -c /usr/share/cmake-3.5/Modules/CheckFunctionExists.c
Linking C executable cmTC_9b3c1
/usr/bin/cmake -E cmake_link_script CMakeFiles/cmTC_9b3c1.dir/link.txt --verbose=1
/usr/bin/cc   -DCHECK_FUNCTION_EXISTS=pthread_create    CMakeFiles/cmTC_9b3c1.dir/CheckFunctionExists.c.o  -o cmTC_9b3c1 -rdynamic -lpthread 
make[2]: выход из каталога «/home/alex-kozinov/programming/work/projects/CVision/build-linux-sdk/CMakeFiles/CMakeTmp»
make[1]: выход из каталога «/home/alex-kozinov/programming/work/projects/CVision/build-linux-sdk/CMakeFiles/CMakeTmp»


Determining if the include file pthread.h exists passed with the following output:
Change Dir: /home/alex-kozinov/programming/work/projects/CVision/build-linux-sdk/CMakeFiles/CMakeTmp

Run Build Command:"/usr/bin/make" "cmTC_8533f/fast"
make[1]: вход в каталог «/home/alex-kozinov/programming/work/projects/CVision/build-linux-sdk/CMakeFiles/CMakeTmp»
/usr/bin/make -f CMakeFiles/cmTC_8533f.dir/build.make CMakeFiles/cmTC_8533f.dir/build
make[2]: вход в каталог «/home/alex-kozinov/programming/work/projects/CVision/build-linux-sdk/CMakeFiles/CMakeTmp»
Building C object CMakeFiles/cmTC_8533f.dir/CheckIncludeFile.c.o
/usr/bin/cc     -o CMakeFiles/cmTC_8533f.dir/CheckIncludeFile.c.o   -c /home/alex-kozinov/programming/work/projects/CVision/build-linux-sdk/CMakeFiles/CMakeTmp/CheckIncludeFile.c
Linking C executable cmTC_8533f
/usr/bin/cmake -E cmake_link_script CMakeFiles/cmTC_8533f.dir/link.txt --verbose=1
/usr/bin/cc       CMakeFiles/cmTC_8533f.dir/CheckIncludeFile.c.o  -o cmTC_8533f -rdynamic 
make[2]: выход из каталога «/home/alex-kozinov/programming/work/projects/CVision/build-linux-sdk/CMakeFiles/CMakeTmp»
make[1]: выход из каталога «/home/alex-kozinov/programming/work/projects/CVision/build-linux-sdk/CMakeFiles/CMakeTmp»


Determining if the function pthread_create exists in the pthread passed with the following output:
Change Dir: /home/alex-kozinov/programming/work/projects/CVision/build-linux-sdk/CMakeFiles/CMakeTmp

Run Build Command:"/usr/bin/make" "cmTC_5944a/fast"
make[1]: вход в каталог «/home/alex-kozinov/programming/work/projects/CVision/build-linux-sdk/CMakeFiles/CMakeTmp»
/usr/bin/make -f CMakeFiles/cmTC_5944a.dir/build.make CMakeFiles/cmTC_5944a.dir/build
make[2]: вход в каталог «/home/alex-kozinov/programming/work/projects/CVision/build-linux-sdk/CMakeFiles/CMakeTmp»
Building C object CMakeFiles/cmTC_5944a.dir/CheckFunctionExists.c.o
/usr/bin/cc    -DCHECK_FUNCTION_EXISTS=pthread_create   -o CMakeFiles/cmTC_5944a.dir/CheckFunctionExists.c.o   -c /usr/share/cmake-3.5/Modules/CheckFunctionExists.c
Linking C executable cmTC_5944a
/usr/bin/cmake -E cmake_link_script CMakeFiles/cmTC_5944a.dir/link.txt --verbose=1
/usr/bin/cc   -DCHECK_FUNCTION_EXISTS=pthread_create    CMakeFiles/cmTC_5944a.dir/CheckFunctionExists.c.o  -o cmTC_5944a -rdynamic -lpthread 
make[2]: выход из каталога «/home/alex-kozinov/programming/work/projects/CVision/build-linux-sdk/CMakeFiles/CMakeTmp»
make[1]: выход из каталога «/home/alex-kozinov/programming/work/projects/CVision/build-linux-sdk/CMakeFiles/CMakeTmp»


Determining if the include file pthread.h exists passed with the following output:
Change Dir: /home/alex-kozinov/programming/work/projects/CVision/build-linux-sdk/CMakeFiles/CMakeTmp

Run Build Command:"/usr/bin/make" "cmTC_7bcfa/fast"
make[1]: вход в каталог «/home/alex-kozinov/programming/work/projects/CVision/build-linux-sdk/CMakeFiles/CMakeTmp»
/usr/bin/make -f CMakeFiles/cmTC_7bcfa.dir/build.make CMakeFiles/cmTC_7bcfa.dir/build
make[2]: вход в каталог «/home/alex-kozinov/programming/work/projects/CVision/build-linux-sdk/CMakeFiles/CMakeTmp»
Building C object CMakeFiles/cmTC_7bcfa.dir/CheckIncludeFile.c.o
/usr/bin/cc     -o CMakeFiles/cmTC_7bcfa.dir/CheckIncludeFile.c.o   -c /home/alex-kozinov/programming/work/projects/CVision/build-linux-sdk/CMakeFiles/CMakeTmp/CheckIncludeFile.c
Linking C executable cmTC_7bcfa
/usr/bin/cmake -E cmake_link_script CMakeFiles/cmTC_7bcfa.dir/link.txt --verbose=1
/usr/bin/cc       CMakeFiles/cmTC_7bcfa.dir/CheckIncludeFile.c.o  -o cmTC_7bcfa -rdynamic 
make[2]: выход из каталога «/home/alex-kozinov/programming/work/projects/CVision/build-linux-sdk/CMakeFiles/CMakeTmp»
make[1]: выход из каталога «/home/alex-kozinov/programming/work/projects/CVision/build-linux-sdk/CMakeFiles/CMakeTmp»


Determining if the function pthread_create exists in the pthread passed with the following output:
Change Dir: /home/alex-kozinov/programming/work/projects/CVision/build-linux-sdk/CMakeFiles/CMakeTmp

Run Build Command:"/usr/bin/make" "cmTC_c5f55/fast"
make[1]: вход в каталог «/home/alex-kozinov/programming/work/projects/CVision/build-linux-sdk/CMakeFiles/CMakeTmp»
/usr/bin/make -f CMakeFiles/cmTC_c5f55.dir/build.make CMakeFiles/cmTC_c5f55.dir/build
make[2]: вход в каталог «/home/alex-kozinov/programming/work/projects/CVision/build-linux-sdk/CMakeFiles/CMakeTmp»
Building C object CMakeFiles/cmTC_c5f55.dir/CheckFunctionExists.c.o
/usr/bin/cc    -DCHECK_FUNCTION_EXISTS=pthread_create   -o CMakeFiles/cmTC_c5f55.dir/CheckFunctionExists.c.o   -c /usr/share/cmake-3.5/Modules/CheckFunctionExists.c
Linking C executable cmTC_c5f55
/usr/bin/cmake -E cmake_link_script CMakeFiles/cmTC_c5f55.dir/link.txt --verbose=1
/usr/bin/cc   -DCHECK_FUNCTION_EXISTS=pthread_create    CMakeFiles/cmTC_c5f55.dir/CheckFunctionExists.c.o  -o cmTC_c5f55 -rdynamic -lpthread 
make[2]: выход из каталога «/home/alex-kozinov/programming/work/projects/CVision/build-linux-sdk/CMakeFiles/CMakeTmp»
make[1]: выход из каталога «/home/alex-kozinov/programming/work/projects/CVision/build-linux-sdk/CMakeFiles/CMakeTmp»


