Determining if the pthread_create exist failed with the following output:
Change Dir: /home/alex-kozinov/programming/work/projects/CVision/build-linux-sdk/CMakeFiles/CMakeTmp

Run Build Command:"/usr/bin/make" "cmTC_b04ca/fast"
make[1]: вход в каталог «/home/alex-kozinov/programming/work/projects/CVision/build-linux-sdk/CMakeFiles/CMakeTmp»
/usr/bin/make -f CMakeFiles/cmTC_b04ca.dir/build.make CMakeFiles/cmTC_b04ca.dir/build
make[2]: вход в каталог «/home/alex-kozinov/programming/work/projects/CVision/build-linux-sdk/CMakeFiles/CMakeTmp»
Building C object CMakeFiles/cmTC_b04ca.dir/CheckSymbolExists.c.o
/usr/bin/cc     -o CMakeFiles/cmTC_b04ca.dir/CheckSymbolExists.c.o   -c /home/alex-kozinov/programming/work/projects/CVision/build-linux-sdk/CMakeFiles/CMakeTmp/CheckSymbolExists.c
Linking C executable cmTC_b04ca
/usr/bin/cmake -E cmake_link_script CMakeFiles/cmTC_b04ca.dir/link.txt --verbose=1
/usr/bin/cc       CMakeFiles/cmTC_b04ca.dir/CheckSymbolExists.c.o  -o cmTC_b04ca -rdynamic 
CMakeFiles/cmTC_b04ca.dir/CheckSymbolExists.c.o: In function `main':
CheckSymbolExists.c:(.text+0x16): undefined reference to `pthread_create'
collect2: error: ld returned 1 exit status
CMakeFiles/cmTC_b04ca.dir/build.make:97: ошибка выполнения рецепта для цели «cmTC_b04ca»
make[2]: *** [cmTC_b04ca] Ошибка 1
make[2]: выход из каталога «/home/alex-kozinov/programming/work/projects/CVision/build-linux-sdk/CMakeFiles/CMakeTmp»
Makefile:126: ошибка выполнения рецепта для цели «cmTC_b04ca/fast»
make[1]: *** [cmTC_b04ca/fast] Ошибка 2
make[1]: выход из каталога «/home/alex-kozinov/programming/work/projects/CVision/build-linux-sdk/CMakeFiles/CMakeTmp»

File /home/alex-kozinov/programming/work/projects/CVision/build-linux-sdk/CMakeFiles/CMakeTmp/CheckSymbolExists.c:
/* */
#include <pthread.h>

int main(int argc, char** argv)
{
  (void)argv;
#ifndef pthread_create
  return ((int*)(&pthread_create))[argc];
#else
  (void)argc;
  return 0;
#endif
}

Determining if the function pthread_create exists in the pthreads failed with the following output:
Change Dir: /home/alex-kozinov/programming/work/projects/CVision/build-linux-sdk/CMakeFiles/CMakeTmp

Run Build Command:"/usr/bin/make" "cmTC_82478/fast"
make[1]: вход в каталог «/home/alex-kozinov/programming/work/projects/CVision/build-linux-sdk/CMakeFiles/CMakeTmp»
/usr/bin/make -f CMakeFiles/cmTC_82478.dir/build.make CMakeFiles/cmTC_82478.dir/build
make[2]: вход в каталог «/home/alex-kozinov/programming/work/projects/CVision/build-linux-sdk/CMakeFiles/CMakeTmp»
Building C object CMakeFiles/cmTC_82478.dir/CheckFunctionExists.c.o
/usr/bin/cc    -DCHECK_FUNCTION_EXISTS=pthread_create   -o CMakeFiles/cmTC_82478.dir/CheckFunctionExists.c.o   -c /usr/share/cmake-3.5/Modules/CheckFunctionExists.c
Linking C executable cmTC_82478
/usr/bin/cmake -E cmake_link_script CMakeFiles/cmTC_82478.dir/link.txt --verbose=1
/usr/bin/cc   -DCHECK_FUNCTION_EXISTS=pthread_create    CMakeFiles/cmTC_82478.dir/CheckFunctionExists.c.o  -o cmTC_82478 -rdynamic -lpthreads 
/usr/bin/ld: cannot find -lpthreads
collect2: error: ld returned 1 exit status
CMakeFiles/cmTC_82478.dir/build.make:97: ошибка выполнения рецепта для цели «cmTC_82478»
make[2]: *** [cmTC_82478] Ошибка 1
make[2]: выход из каталога «/home/alex-kozinov/programming/work/projects/CVision/build-linux-sdk/CMakeFiles/CMakeTmp»
Makefile:126: ошибка выполнения рецепта для цели «cmTC_82478/fast»
make[1]: *** [cmTC_82478/fast] Ошибка 2
make[1]: выход из каталога «/home/alex-kozinov/programming/work/projects/CVision/build-linux-sdk/CMakeFiles/CMakeTmp»


Determining if the pthread_create exist failed with the following output:
Change Dir: /home/alex-kozinov/programming/work/projects/CVision/build-linux-sdk/CMakeFiles/CMakeTmp

Run Build Command:"/usr/bin/make" "cmTC_57996/fast"
make[1]: вход в каталог «/home/alex-kozinov/programming/work/projects/CVision/build-linux-sdk/CMakeFiles/CMakeTmp»
/usr/bin/make -f CMakeFiles/cmTC_57996.dir/build.make CMakeFiles/cmTC_57996.dir/build
make[2]: вход в каталог «/home/alex-kozinov/programming/work/projects/CVision/build-linux-sdk/CMakeFiles/CMakeTmp»
Building C object CMakeFiles/cmTC_57996.dir/CheckSymbolExists.c.o
/usr/bin/cc     -o CMakeFiles/cmTC_57996.dir/CheckSymbolExists.c.o   -c /home/alex-kozinov/programming/work/projects/CVision/build-linux-sdk/CMakeFiles/CMakeTmp/CheckSymbolExists.c
Linking C executable cmTC_57996
/usr/bin/cmake -E cmake_link_script CMakeFiles/cmTC_57996.dir/link.txt --verbose=1
/usr/bin/cc       CMakeFiles/cmTC_57996.dir/CheckSymbolExists.c.o  -o cmTC_57996 -rdynamic 
CMakeFiles/cmTC_57996.dir/CheckSymbolExists.c.o: In function `main':
CheckSymbolExists.c:(.text+0x16): undefined reference to `pthread_create'
collect2: error: ld returned 1 exit status
CMakeFiles/cmTC_57996.dir/build.make:97: ошибка выполнения рецепта для цели «cmTC_57996»
make[2]: *** [cmTC_57996] Ошибка 1
make[2]: выход из каталога «/home/alex-kozinov/programming/work/projects/CVision/build-linux-sdk/CMakeFiles/CMakeTmp»
Makefile:126: ошибка выполнения рецепта для цели «cmTC_57996/fast»
make[1]: *** [cmTC_57996/fast] Ошибка 2
make[1]: выход из каталога «/home/alex-kozinov/programming/work/projects/CVision/build-linux-sdk/CMakeFiles/CMakeTmp»

File /home/alex-kozinov/programming/work/projects/CVision/build-linux-sdk/CMakeFiles/CMakeTmp/CheckSymbolExists.c:
/* */
#include <pthread.h>

int main(int argc, char** argv)
{
  (void)argv;
#ifndef pthread_create
  return ((int*)(&pthread_create))[argc];
#else
  (void)argc;
  return 0;
#endif
}

Determining if the function pthread_create exists in the pthreads failed with the following output:
Change Dir: /home/alex-kozinov/programming/work/projects/CVision/build-linux-sdk/CMakeFiles/CMakeTmp

Run Build Command:"/usr/bin/make" "cmTC_87634/fast"
make[1]: вход в каталог «/home/alex-kozinov/programming/work/projects/CVision/build-linux-sdk/CMakeFiles/CMakeTmp»
/usr/bin/make -f CMakeFiles/cmTC_87634.dir/build.make CMakeFiles/cmTC_87634.dir/build
make[2]: вход в каталог «/home/alex-kozinov/programming/work/projects/CVision/build-linux-sdk/CMakeFiles/CMakeTmp»
Building C object CMakeFiles/cmTC_87634.dir/CheckFunctionExists.c.o
/usr/bin/cc    -DCHECK_FUNCTION_EXISTS=pthread_create   -o CMakeFiles/cmTC_87634.dir/CheckFunctionExists.c.o   -c /usr/share/cmake-3.5/Modules/CheckFunctionExists.c
Linking C executable cmTC_87634
/usr/bin/cmake -E cmake_link_script CMakeFiles/cmTC_87634.dir/link.txt --verbose=1
/usr/bin/cc   -DCHECK_FUNCTION_EXISTS=pthread_create    CMakeFiles/cmTC_87634.dir/CheckFunctionExists.c.o  -o cmTC_87634 -rdynamic -lpthreads 
/usr/bin/ld: cannot find -lpthreads
collect2: error: ld returned 1 exit status
CMakeFiles/cmTC_87634.dir/build.make:97: ошибка выполнения рецепта для цели «cmTC_87634»
make[2]: *** [cmTC_87634] Ошибка 1
make[2]: выход из каталога «/home/alex-kozinov/programming/work/projects/CVision/build-linux-sdk/CMakeFiles/CMakeTmp»
Makefile:126: ошибка выполнения рецепта для цели «cmTC_87634/fast»
make[1]: *** [cmTC_87634/fast] Ошибка 2
make[1]: выход из каталога «/home/alex-kozinov/programming/work/projects/CVision/build-linux-sdk/CMakeFiles/CMakeTmp»


Determining if the pthread_create exist failed with the following output:
Change Dir: /home/alex-kozinov/programming/work/projects/CVision/build-linux-sdk/CMakeFiles/CMakeTmp

Run Build Command:"/usr/bin/make" "cmTC_fbb49/fast"
make[1]: вход в каталог «/home/alex-kozinov/programming/work/projects/CVision/build-linux-sdk/CMakeFiles/CMakeTmp»
/usr/bin/make -f CMakeFiles/cmTC_fbb49.dir/build.make CMakeFiles/cmTC_fbb49.dir/build
make[2]: вход в каталог «/home/alex-kozinov/programming/work/projects/CVision/build-linux-sdk/CMakeFiles/CMakeTmp»
Building C object CMakeFiles/cmTC_fbb49.dir/CheckSymbolExists.c.o
/usr/bin/cc     -o CMakeFiles/cmTC_fbb49.dir/CheckSymbolExists.c.o   -c /home/alex-kozinov/programming/work/projects/CVision/build-linux-sdk/CMakeFiles/CMakeTmp/CheckSymbolExists.c
Linking C executable cmTC_fbb49
/usr/bin/cmake -E cmake_link_script CMakeFiles/cmTC_fbb49.dir/link.txt --verbose=1
/usr/bin/cc       CMakeFiles/cmTC_fbb49.dir/CheckSymbolExists.c.o  -o cmTC_fbb49 -rdynamic 
CMakeFiles/cmTC_fbb49.dir/CheckSymbolExists.c.o: In function `main':
CheckSymbolExists.c:(.text+0x16): undefined reference to `pthread_create'
collect2: error: ld returned 1 exit status
CMakeFiles/cmTC_fbb49.dir/build.make:97: ошибка выполнения рецепта для цели «cmTC_fbb49»
make[2]: *** [cmTC_fbb49] Ошибка 1
make[2]: выход из каталога «/home/alex-kozinov/programming/work/projects/CVision/build-linux-sdk/CMakeFiles/CMakeTmp»
Makefile:126: ошибка выполнения рецепта для цели «cmTC_fbb49/fast»
make[1]: *** [cmTC_fbb49/fast] Ошибка 2
make[1]: выход из каталога «/home/alex-kozinov/programming/work/projects/CVision/build-linux-sdk/CMakeFiles/CMakeTmp»

File /home/alex-kozinov/programming/work/projects/CVision/build-linux-sdk/CMakeFiles/CMakeTmp/CheckSymbolExists.c:
/* */
#include <pthread.h>

int main(int argc, char** argv)
{
  (void)argv;
#ifndef pthread_create
  return ((int*)(&pthread_create))[argc];
#else
  (void)argc;
  return 0;
#endif
}

Determining if the function pthread_create exists in the pthreads failed with the following output:
Change Dir: /home/alex-kozinov/programming/work/projects/CVision/build-linux-sdk/CMakeFiles/CMakeTmp

Run Build Command:"/usr/bin/make" "cmTC_41884/fast"
make[1]: вход в каталог «/home/alex-kozinov/programming/work/projects/CVision/build-linux-sdk/CMakeFiles/CMakeTmp»
/usr/bin/make -f CMakeFiles/cmTC_41884.dir/build.make CMakeFiles/cmTC_41884.dir/build
make[2]: вход в каталог «/home/alex-kozinov/programming/work/projects/CVision/build-linux-sdk/CMakeFiles/CMakeTmp»
Building C object CMakeFiles/cmTC_41884.dir/CheckFunctionExists.c.o
/usr/bin/cc    -DCHECK_FUNCTION_EXISTS=pthread_create   -o CMakeFiles/cmTC_41884.dir/CheckFunctionExists.c.o   -c /usr/share/cmake-3.5/Modules/CheckFunctionExists.c
Linking C executable cmTC_41884
/usr/bin/cmake -E cmake_link_script CMakeFiles/cmTC_41884.dir/link.txt --verbose=1
/usr/bin/cc   -DCHECK_FUNCTION_EXISTS=pthread_create    CMakeFiles/cmTC_41884.dir/CheckFunctionExists.c.o  -o cmTC_41884 -rdynamic -lpthreads 
/usr/bin/ld: cannot find -lpthreads
collect2: error: ld returned 1 exit status
CMakeFiles/cmTC_41884.dir/build.make:97: ошибка выполнения рецепта для цели «cmTC_41884»
make[2]: *** [cmTC_41884] Ошибка 1
make[2]: выход из каталога «/home/alex-kozinov/programming/work/projects/CVision/build-linux-sdk/CMakeFiles/CMakeTmp»
Makefile:126: ошибка выполнения рецепта для цели «cmTC_41884/fast»
make[1]: *** [cmTC_41884/fast] Ошибка 2
make[1]: выход из каталога «/home/alex-kozinov/programming/work/projects/CVision/build-linux-sdk/CMakeFiles/CMakeTmp»


Determining if the pthread_create exist failed with the following output:
Change Dir: /home/alex-kozinov/programming/work/projects/CVision/build-linux-sdk/CMakeFiles/CMakeTmp

Run Build Command:"/usr/bin/make" "cmTC_ab4ed/fast"
make[1]: вход в каталог «/home/alex-kozinov/programming/work/projects/CVision/build-linux-sdk/CMakeFiles/CMakeTmp»
/usr/bin/make -f CMakeFiles/cmTC_ab4ed.dir/build.make CMakeFiles/cmTC_ab4ed.dir/build
make[2]: вход в каталог «/home/alex-kozinov/programming/work/projects/CVision/build-linux-sdk/CMakeFiles/CMakeTmp»
Building C object CMakeFiles/cmTC_ab4ed.dir/CheckSymbolExists.c.o
/usr/bin/cc     -o CMakeFiles/cmTC_ab4ed.dir/CheckSymbolExists.c.o   -c /home/alex-kozinov/programming/work/projects/CVision/build-linux-sdk/CMakeFiles/CMakeTmp/CheckSymbolExists.c
Linking C executable cmTC_ab4ed
/usr/bin/cmake -E cmake_link_script CMakeFiles/cmTC_ab4ed.dir/link.txt --verbose=1
/usr/bin/cc       CMakeFiles/cmTC_ab4ed.dir/CheckSymbolExists.c.o  -o cmTC_ab4ed -rdynamic 
CMakeFiles/cmTC_ab4ed.dir/CheckSymbolExists.c.o: In function `main':
CheckSymbolExists.c:(.text+0x16): undefined reference to `pthread_create'
collect2: error: ld returned 1 exit status
CMakeFiles/cmTC_ab4ed.dir/build.make:97: ошибка выполнения рецепта для цели «cmTC_ab4ed»
make[2]: *** [cmTC_ab4ed] Ошибка 1
make[2]: выход из каталога «/home/alex-kozinov/programming/work/projects/CVision/build-linux-sdk/CMakeFiles/CMakeTmp»
Makefile:126: ошибка выполнения рецепта для цели «cmTC_ab4ed/fast»
make[1]: *** [cmTC_ab4ed/fast] Ошибка 2
make[1]: выход из каталога «/home/alex-kozinov/programming/work/projects/CVision/build-linux-sdk/CMakeFiles/CMakeTmp»

File /home/alex-kozinov/programming/work/projects/CVision/build-linux-sdk/CMakeFiles/CMakeTmp/CheckSymbolExists.c:
/* */
#include <pthread.h>

int main(int argc, char** argv)
{
  (void)argv;
#ifndef pthread_create
  return ((int*)(&pthread_create))[argc];
#else
  (void)argc;
  return 0;
#endif
}

Determining if the function pthread_create exists in the pthreads failed with the following output:
Change Dir: /home/alex-kozinov/programming/work/projects/CVision/build-linux-sdk/CMakeFiles/CMakeTmp

Run Build Command:"/usr/bin/make" "cmTC_368de/fast"
make[1]: вход в каталог «/home/alex-kozinov/programming/work/projects/CVision/build-linux-sdk/CMakeFiles/CMakeTmp»
/usr/bin/make -f CMakeFiles/cmTC_368de.dir/build.make CMakeFiles/cmTC_368de.dir/build
make[2]: вход в каталог «/home/alex-kozinov/programming/work/projects/CVision/build-linux-sdk/CMakeFiles/CMakeTmp»
Building C object CMakeFiles/cmTC_368de.dir/CheckFunctionExists.c.o
/usr/bin/cc    -DCHECK_FUNCTION_EXISTS=pthread_create   -o CMakeFiles/cmTC_368de.dir/CheckFunctionExists.c.o   -c /usr/share/cmake-3.5/Modules/CheckFunctionExists.c
Linking C executable cmTC_368de
/usr/bin/cmake -E cmake_link_script CMakeFiles/cmTC_368de.dir/link.txt --verbose=1
/usr/bin/cc   -DCHECK_FUNCTION_EXISTS=pthread_create    CMakeFiles/cmTC_368de.dir/CheckFunctionExists.c.o  -o cmTC_368de -rdynamic -lpthreads 
/usr/bin/ld: cannot find -lpthreads
collect2: error: ld returned 1 exit status
CMakeFiles/cmTC_368de.dir/build.make:97: ошибка выполнения рецепта для цели «cmTC_368de»
make[2]: *** [cmTC_368de] Ошибка 1
make[2]: выход из каталога «/home/alex-kozinov/programming/work/projects/CVision/build-linux-sdk/CMakeFiles/CMakeTmp»
Makefile:126: ошибка выполнения рецепта для цели «cmTC_368de/fast»
make[1]: *** [cmTC_368de/fast] Ошибка 2
make[1]: выход из каталога «/home/alex-kozinov/programming/work/projects/CVision/build-linux-sdk/CMakeFiles/CMakeTmp»


